c:\gameengine\gameenginerepo\projects\gameengine\release\gameengine.pdb
c:\gameengine\gameenginerepo\projects\gameengine\release\vector2.obj
c:\gameengine\gameenginerepo\projects\gameengine\release\transform.obj
c:\gameengine\gameenginerepo\projects\gameengine\release\timemanager.obj
c:\gameengine\gameenginerepo\projects\gameengine\release\texture.obj
c:\gameengine\gameenginerepo\projects\gameengine\release\rendermanager.obj
c:\gameengine\gameenginerepo\projects\gameengine\release\poolmanager.obj
c:\gameengine\gameenginerepo\projects\gameengine\release\physicsmanager.obj
c:\gameengine\gameenginerepo\projects\gameengine\release\managerofmanagers.obj
c:\gameengine\gameenginerepo\projects\gameengine\release\manager.obj
c:\gameengine\gameenginerepo\projects\gameengine\release\inputmanager.obj
c:\gameengine\gameenginerepo\projects\gameengine\release\hudelement.obj
c:\gameengine\gameenginerepo\projects\gameengine\release\gameobjectmanager.obj
c:\gameengine\gameenginerepo\projects\gameengine\release\gameobject.obj
c:\gameengine\gameenginerepo\projects\gameengine\release\collider.obj
c:\gameengine\gameenginerepo\projects\gameengine\release\audiomanager.obj
c:\gameengine\gameenginerepo\projects\gameengine\release\audio.obj
c:\gameengine\gameenginerepo\projects\release\gameengine.lib
c:\gameengine\gameenginerepo\projects\gameengine\release\gameengine.tlog\cl.command.1.tlog
c:\gameengine\gameenginerepo\projects\gameengine\release\gameengine.tlog\cl.read.1.tlog
c:\gameengine\gameenginerepo\projects\gameengine\release\gameengine.tlog\cl.write.1.tlog
c:\gameengine\gameenginerepo\projects\gameengine\release\gameengine.tlog\lib-link.read.1.tlog
c:\gameengine\gameenginerepo\projects\gameengine\release\gameengine.tlog\lib-link.write.1.tlog
c:\gameengine\gameenginerepo\projects\gameengine\release\gameengine.tlog\lib.command.1.tlog
