  Audio.cpp
  AudioManager.cpp
C:\GameEngineRepo\Source\GameEngine\AudioManager.cpp(33,28): warning C4244: '=': conversion from 'float' to 'Uint8', possible loss of data
C:\GameEngineRepo\Source\GameEngine\AudioManager.cpp(40,23): warning C4018: '<': signed/unsigned mismatch
C:\GameEngineRepo\Source\GameEngine\AudioManager.cpp(77,23): warning C4018: '<': signed/unsigned mismatch
  Button.cpp
  Collider.cpp
  Entity.cpp
  GameObject.cpp
  GameObjectManager.cpp
C:\GameEngineRepo\Source\GameEngine\GameObjectManager.cpp(38,20): warning C4018: '<': signed/unsigned mismatch
C:\GameEngineRepo\Source\GameEngine\GameObjectManager.cpp(65,20): warning C4018: '<': signed/unsigned mismatch
C:\GameEngineRepo\Source\GameEngine\GameObjectManager.cpp(79,20): warning C4018: '<': signed/unsigned mismatch
C:\GameEngineRepo\Source\GameEngine\GameObjectManager.cpp(97,20): warning C4018: '<': signed/unsigned mismatch
  HUDElement.cpp
  InputManager.cpp
  Manager.cpp
  ManagerOfManagers.cpp
  PhysicsManager.cpp
C:\GameEngineRepo\Source\GameEngine\PhysicsManager.cpp(12,20): warning C4018: '<': signed/unsigned mismatch
C:\GameEngineRepo\Source\GameEngine\PhysicsManager.cpp(16,26): warning C4018: '<': signed/unsigned mismatch
C:\GameEngineRepo\Source\GameEngine\PhysicsManager.cpp(189,20): warning C4018: '<': signed/unsigned mismatch
  RenderManager.cpp
C:\GameEngineRepo\Source\GameEngine\RenderManager.cpp(23,25): warning C4018: '<': signed/unsigned mismatch
C:\GameEngineRepo\Source\GameEngine\RenderManager.cpp(30,25): warning C4018: '<': signed/unsigned mismatch
C:\GameEngineRepo\Source\GameEngine\RenderManager.cpp(121,27): warning C4018: '<': signed/unsigned mismatch
C:\GameEngineRepo\Source\GameEngine\RenderManager.cpp(123,94): warning C4244: 'argument': conversion from 'double' to 'int', possible loss of data
C:\GameEngineRepo\Source\GameEngine\RenderManager.cpp(123,65): warning C4244: 'argument': conversion from 'double' to 'int', possible loss of data
C:\GameEngineRepo\Source\GameEngine\RenderManager.cpp(129,23): warning C4018: '<': signed/unsigned mismatch
C:\GameEngineRepo\Source\GameEngine\RenderManager.cpp(141,23): warning C4018: '<': signed/unsigned mismatch
  Text.cpp
C:\GameEngineRepo\Source\GameEngine\Text.cpp(19,36): warning C4244: 'argument': conversion from 'double' to 'int', possible loss of data
C:\GameEngineRepo\Source\GameEngine\Text.cpp(19,24): warning C4244: 'argument': conversion from 'double' to 'int', possible loss of data
  Texture.cpp
  TimeManager.cpp
C:\GameEngineRepo\Source\GameEngine\TimeManager.cpp(37,9): warning C4244: 'return': conversion from 'double' to 'int', possible loss of data
  Transform.cpp
C:\GameEngineRepo\Source\GameEngine\Transform.cpp(21,11): warning C4244: 'initializing': conversion from 'double' to 'float', possible loss of data
  Vector2.cpp
  GameEngine.vcxproj -> C:\GameEngineRepo\Projects\Release\GameEngine.lib
